0 info it worked if it ends with ok
1 verbose cli [ '/Users/maelon/.nvm/versions/node/v6.2.1/bin/node',
1 verbose cli   '/Users/maelon/.nvm/versions/node/v6.2.1/bin/npm',
1 verbose cli   'publish' ]
2 info using npm@3.9.3
3 info using node@v6.2.1
4 verbose publish [ '.' ]
5 silly cache add args [ '.', null ]
6 verbose cache add spec .
7 silly cache add parsed spec Result {
7 silly cache add   raw: '.',
7 silly cache add   scope: null,
7 silly cache add   name: null,
7 silly cache add   rawSpec: '.',
7 silly cache add   spec: '/Users/maelon/Code/github/jUtils',
7 silly cache add   type: 'directory' }
8 verbose addLocalDirectory /Users/maelon/.npm/jutils/1.0.0/package.tgz not in flight; packing
9 verbose correctMkdir /Users/maelon/.npm correctMkdir not in flight; initializing
10 info lifecycle jutils@1.0.0~prepublish: jutils@1.0.0
11 silly lifecycle jutils@1.0.0~prepublish: no script for prepublish, continuing
12 verbose tar pack [ '/Users/maelon/.npm/jutils/1.0.0/package.tgz',
12 verbose tar pack   '/Users/maelon/Code/github/jUtils' ]
13 verbose tarball /Users/maelon/.npm/jutils/1.0.0/package.tgz
14 verbose folder /Users/maelon/Code/github/jUtils
15 verbose addLocalTarball adding from inside cache /Users/maelon/.npm/jutils/1.0.0/package.tgz
16 verbose correctMkdir /Users/maelon/.npm correctMkdir not in flight; initializing
17 silly cache afterAdd jutils@1.0.0
18 verbose afterAdd /Users/maelon/.npm/jutils/1.0.0/package/package.json not in flight; writing
19 verbose correctMkdir /Users/maelon/.npm correctMkdir not in flight; initializing
20 verbose afterAdd /Users/maelon/.npm/jutils/1.0.0/package/package.json written
21 silly publish { name: 'jutils',
21 silly publish   version: '1.0.0',
21 silly publish   description: 'utils for js',
21 silly publish   main: 'jUtils.js',
21 silly publish   dependencies: {},
21 silly publish   devDependencies: { webpack: '^1.13.0' },
21 silly publish   scripts:
21 silly publish    { test: 'echo "Error: no test specified" && exit 1',
21 silly publish      build: 'rm -rf dist/* && webpack' },
21 silly publish   repository: { type: 'git', url: 'git+https://github.com/maelon/jUtils.git' },
21 silly publish   keywords: [ 'util', 'utils' ],
21 silly publish   author: { name: 'maelon' },
21 silly publish   license: 'MIT',
21 silly publish   bugs: { url: 'https://github.com/maelon/jUtils/issues' },
21 silly publish   homepage: 'https://github.com/maelon/jUtils#readme',
21 silly publish   readme: '# jUtils\njs utils\n',
21 silly publish   readmeFilename: 'README.md',
21 silly publish   gitHead: '4311180a54e777fd17ec866707abe0fea26011c0',
21 silly publish   _id: 'jutils@1.0.0',
21 silly publish   _shasum: '6364c4bb326877a4fc9ba4d207ee40fa2964e1e6',
21 silly publish   _from: '.' }
22 verbose getPublishConfig undefined
23 silly mapToRegistry name jutils
24 silly mapToRegistry using default registry
25 silly mapToRegistry registry https://registry.npmjs.org/
26 silly mapToRegistry data Result {
26 silly mapToRegistry   raw: 'jutils',
26 silly mapToRegistry   scope: null,
26 silly mapToRegistry   name: 'jutils',
26 silly mapToRegistry   rawSpec: '',
26 silly mapToRegistry   spec: 'latest',
26 silly mapToRegistry   type: 'tag' }
27 silly mapToRegistry uri https://registry.npmjs.org/jutils
28 verbose publish registryBase https://registry.npmjs.org/
29 silly publish uploading /Users/maelon/.npm/jutils/1.0.0/package.tgz
30 verbose request uri https://registry.npmjs.org/jutils
31 verbose request sending authorization for write operation
32 info attempt registry request try #1 at 2:11:24 PM
33 verbose request using bearer token for auth
34 verbose request id 9a1c66a8b88e1bd8
35 http request PUT https://registry.npmjs.org/jutils
36 http 403 https://registry.npmjs.org/jutils
37 verbose headers { 'content-type': 'application/json',
37 verbose headers   'cache-control': 'max-age=300',
37 verbose headers   'content-length': '95',
37 verbose headers   'accept-ranges': 'bytes',
37 verbose headers   date: 'Mon, 17 Oct 2016 06:11:25 GMT',
37 verbose headers   via: '1.1 varnish',
37 verbose headers   connection: 'keep-alive',
37 verbose headers   'x-served-by': 'cache-lcy1120-LCY',
37 verbose headers   'x-cache': 'MISS',
37 verbose headers   'x-cache-hits': '0',
37 verbose headers   'x-timer': 'S1476684684.621942,VS0,VE949',
37 verbose headers   vary: 'Accept-Encoding' }
38 verbose request invalidating /Users/maelon/.npm/registry.npmjs.org/jutils on PUT
39 error publish Failed PUT 403
40 verbose stack Error: "You cannot publish over the previously published version 1.0.0." : jutils
40 verbose stack     at makeError (/Users/maelon/.nvm/versions/node/v6.2.1/lib/node_modules/npm/node_modules/npm-registry-client/lib/request.js:264:12)
40 verbose stack     at CachingRegistryClient.<anonymous> (/Users/maelon/.nvm/versions/node/v6.2.1/lib/node_modules/npm/node_modules/npm-registry-client/lib/request.js:252:14)
40 verbose stack     at Request._callback (/Users/maelon/.nvm/versions/node/v6.2.1/lib/node_modules/npm/node_modules/npm-registry-client/lib/request.js:172:14)
40 verbose stack     at Request.self.callback (/Users/maelon/.nvm/versions/node/v6.2.1/lib/node_modules/npm/node_modules/request/request.js:200:22)
40 verbose stack     at emitTwo (events.js:106:13)
40 verbose stack     at Request.emit (events.js:191:7)
40 verbose stack     at Request.<anonymous> (/Users/maelon/.nvm/versions/node/v6.2.1/lib/node_modules/npm/node_modules/request/request.js:1067:10)
40 verbose stack     at emitOne (events.js:101:20)
40 verbose stack     at Request.emit (events.js:188:7)
40 verbose stack     at IncomingMessage.<anonymous> (/Users/maelon/.nvm/versions/node/v6.2.1/lib/node_modules/npm/node_modules/request/request.js:988:12)
41 verbose statusCode 403
42 verbose pkgid jutils
43 verbose cwd /Users/maelon/Code/github/jUtils
44 error Darwin 15.6.0
45 error argv "/Users/maelon/.nvm/versions/node/v6.2.1/bin/node" "/Users/maelon/.nvm/versions/node/v6.2.1/bin/npm" "publish"
46 error node v6.2.1
47 error npm  v3.9.3
48 error code E403
49 error "You cannot publish over the previously published version 1.0.0." : jutils
50 error If you need help, you may report this error at:
50 error     <https://github.com/npm/npm/issues>
51 verbose exit [ 1, true ]
